AUTH.LOG PARSER OUTPUT
======================================================================

[Entry 1]

Timestamp:  Jan 19 10:23:15 ← When it happened
Hostname:   server ← Which server
Process:    sshd[12345]: ← What service
Message:    Failed password for invalid user admin from 192.168.1.100 port 22 ssh2 ← What happened
----------------------------------------------------------------------
[Entry 2]

Timestamp:  Jan 19 10:23:20 ← When it happened
Hostname:   server ← Which server
Process:    sshd[12346]: ← What service
Message:    Failed password for invalid user root from 192.168.1.100 port 22 ssh2 ← What happened
----------------------------------------------------------------------
[Entry 3]

Timestamp:  Jan 19 10:23:25 ← When it happened
Hostname:   server ← Which server
Process:    sshd[12347]: ← What service
Message:    Failed password for invalid user admin from 192.168.1.100 port 22 ssh2 ← What happened
----------------------------------------------------------------------
[Entry 4]

Timestamp:  Jan 19 10:25:10 ← When it happened
Hostname:   server ← Which server
Process:    sshd[12348]: ← What service
Message:    Accepted password for john from 10.0.0.50 port 22 ssh2 ← What happened
----------------------------------------------------------------------
[Entry 5]

Timestamp:  Jan 19 10:30:45 ← When it happened
Hostname:   server ← Which server
Process:    sshd[12349]: ← What service
Message:    Failed password for invalid user test from 45.123.67.89 port 22 ssh2 ← What happened
----------------------------------------------------------------------
[Entry 6]

Timestamp:  Jan 19 10:35:12 ← When it happened
Hostname:   server ← Which server
Process:    sshd[12350]: ← What service
Message:    Accepted password for alice from 10.0.0.75 port 22 ssh2 ← What happened
----------------------------------------------------------------------
[Entry 7]

Timestamp:  Jan 19 11:15:30 ← When it happened
Hostname:   server ← Which server
Process:    sudo: ← What service
Message:    john : TTY=pts/0 ; PWD=/home/john ; USER=root ; COMMAND=/bin/bash ← What happened
----------------------------------------------------------------------
[Entry 8]

Timestamp:  Jan 19 11:20:00 ← When it happened
Hostname:   server ← Which server
Process:    kernel: ← What service
Message:    [UFW BLOCK] IN=eth0 OUT= SRC=198.51.100.23 DST=10.0.0.1 ← What happened
----------------------------------------------------------------------
[Entry 9]

Timestamp:  Jan 19 11:25:45 ← When it happened
Hostname:   server ← Which server
Process:    sshd[12351]: ← What service
Message:    Connection closed by 203.0.113.45 port 58234 [preauth] ← What happened
----------------------------------------------------------------------
[Entry 10]

Timestamp:  Jan 19 11:30:10 ← When it happened
Hostname:   server ← Which server
Process:    sshd[12352]: ← What service
Message:    Invalid user hacker from 203.0.113.45 port 60000 ← What happened
----------------------------------------------------------------------
